0 info it worked if it ends with ok
1 verbose cli [ 'node', '/usr/local/bin/npm', 'install', 'tweenlite' ]
2 info using npm@2.0.0-alpha-5
3 info using node@v0.10.30
4 verbose node symlink /usr/local/bin/node
5 verbose cache add [ 'tweenlite', null ]
6 verbose cache add spec="tweenlite" args=["tweenlite",null]
7 verbose parsed spec { raw: 'tweenlite',
7 verbose parsed spec   scope: null,
7 verbose parsed spec   name: 'tweenlite',
7 verbose parsed spec   rawSpec: '',
7 verbose parsed spec   spec: '*',
7 verbose parsed spec   type: 'range' }
8 verbose addNamed [ 'tweenlite', '*' ]
9 verbose addNamed [ null, '*' ]
10 silly lockFile 3c38dce9-tweenlite tweenlite@*
11 verbose lock tweenlite@* /Users/richard/.npm/3c38dce9-tweenlite.lock
12 silly addNameRange { name: 'tweenlite', range: '*', hasData: false }
13 verbose mapToRegistry name tweenlite
14 verbose mapToRegistry uri https://registry.npmjs.org/tweenlite
15 verbose request where is /tweenlite
16 verbose request registry https://registry.npmjs.org/
17 verbose request id 94dcd9f24c9f35f7
18 verbose request url raw /tweenlite
19 verbose request url resolving [ 'https://registry.npmjs.org/', './tweenlite' ]
20 verbose request url resolved https://registry.npmjs.org/tweenlite
21 verbose request where is https://registry.npmjs.org/tweenlite
22 verbose request no basic auth needed
23 info trying registry request attempt 1 at 14:35:06
24 http GET https://registry.npmjs.org/tweenlite
25 http 404 https://registry.npmjs.org/tweenlite
26 verbose headers { date: 'Mon, 26 Jan 2015 22:35:06 GMT',
26 verbose headers   server: 'CouchDB/1.5.0 (Erlang OTP/R16B03)',
26 verbose headers   'content-type': 'application/json',
26 verbose headers   'cache-control': 'max-age=0',
26 verbose headers   'content-length': '52',
26 verbose headers   'accept-ranges': 'bytes',
26 verbose headers   via: '1.1 varnish',
26 verbose headers   age: '0',
26 verbose headers   'x-served-by': 'cache-lax1430-LAX',
26 verbose headers   'x-cache': 'MISS',
26 verbose headers   'x-cache-hits': '0',
26 verbose headers   'x-timer': 'S1422311706.741072,VS0,VE41',
26 verbose headers   'keep-alive': 'timeout=10, max=50',
26 verbose headers   connection: 'Keep-Alive' }
27 silly registry.get cb [ 404,
27 silly registry.get   { date: 'Mon, 26 Jan 2015 22:35:06 GMT',
27 silly registry.get     server: 'CouchDB/1.5.0 (Erlang OTP/R16B03)',
27 silly registry.get     'content-type': 'application/json',
27 silly registry.get     'cache-control': 'max-age=0',
27 silly registry.get     'content-length': '52',
27 silly registry.get     'accept-ranges': 'bytes',
27 silly registry.get     via: '1.1 varnish',
27 silly registry.get     age: '0',
27 silly registry.get     'x-served-by': 'cache-lax1430-LAX',
27 silly registry.get     'x-cache': 'MISS',
27 silly registry.get     'x-cache-hits': '0',
27 silly registry.get     'x-timer': 'S1422311706.741072,VS0,VE41',
27 silly registry.get     'keep-alive': 'timeout=10, max=50',
27 silly registry.get     connection: 'Keep-Alive' } ]
28 silly lockFile 3c38dce9-tweenlite tweenlite@*
29 silly lockFile 3c38dce9-tweenlite tweenlite@*
30 error 404 404 Not Found: tweenlite
30 error 404
30 error 404 'tweenlite' is not in the npm registry.
30 error 404 You should bug the author to publish it
30 error 404
30 error 404 Note that you can also install from a
30 error 404 tarball, folder, or http url, or git url.
31 error System Darwin 13.4.0
32 error command "node" "/usr/local/bin/npm" "install" "tweenlite"
33 error cwd /Users/richard/src/richard.littauer.com
34 error node -v v0.10.30
35 error npm -v 2.0.0-alpha-5
36 error code E404
37 verbose exit [ 1, true ]
